  Compiling CUDA source file kernel.cu...
  
  C:\Users\forxa\Desktop\CBSeedFinder>"C:\Program Files\NVIDIA GPU Computing Toolkit\CUDA\v12.9\bin\nvcc.exe" -gencode=arch=compute_52,code=\"sm_52,compute_52\" --use-local-env -ccbin "C:\Program Files\Microsoft Visual Studio\2022\Community\VC\Tools\MSVC\14.44.35207\bin\HostX64\x64" -x cu   -I"C:\Program Files\NVIDIA GPU Computing Toolkit\CUDA\v12.9\include" -I"C:\Program Files\NVIDIA GPU Computing Toolkit\CUDA\v12.9\include"  -G -lineinfo  --keep-dir CBSeedFinder\x64\Debug  -maxrregcount=0    --machine 64 --compile -cudart static  -g  -DWIN32 -DWIN64 -D_DEBUG -D_CONSOLE -D_MBCS -Xcompiler "/EHsc /W3 /nologo /Od /FS /Zi /RTC1 /MDd " -Xcompiler "/FdCBSeedFinder\x64\Debug\vc143.pdb" -o C:\Users\forxa\Desktop\CBSeedFinder\CBSeedFinder\x64\Debug\kernel.cu.obj "C:\Users\forxa\Desktop\CBSeedFinder\kernel.cu" 
C:\Users\forxa\Desktop\CBSeedFinder\Random.cuh(9): warning #1000-D: a storage class may not be specified here
    static struct rnd_state {
    ^
  
  Remark: The warnings can be suppressed with "-diag-suppress <warning-number>"
  
C:\Users\forxa\Desktop\CBSeedFinder\Random.cuh(9): warning #1000-D: a storage class may not be specified here
    static struct rnd_state {
    ^
  
  Remark: The warnings can be suppressed with "-diag-suppress <warning-number>"
  
C:\Users\forxa\Desktop\CBSeedFinder\kernel.cu(18): warning #177-D: variable "BLOCKS_PER_RUN" was declared but never referenced
        constexpr uint32_t BLOCKS_PER_RUN = TOTAL_SEEDS / THREADS_PER_BLOCK;
                           ^
  
CUDACOMPILE : ptxas warning : Conflicting options --device-debug and --generate-line-info specified, ignoring --generate-line-info option
CUDACOMPILE : nvcc warning : Support for offline compilation for architectures prior to '<compute/sm/lto>_75' will be removed in a future release (Use -Wno-deprecated-gpu-targets to suppress warning).
CUDACOMPILE : nvcc warning : '--device-debug (-G)' overrides '--generate-line-info (-lineinfo)'
  kernel.cu
  tmpxft_0000cb40_00000000-7_kernel.cudafe1.cpp
     Creating library C:\Users\forxa\Desktop\CBSeedFinder\x64\Debug\CBSeedFinder.lib and object C:\Users\forxa\Desktop\CBSeedFinder\x64\Debug\CBSeedFinder.exp
LINK : warning LNK4098: defaultlib 'LIBCMT' conflicts with use of other libs; use /NODEFAULTLIB:library
  CBSeedFinder.vcxproj -> C:\Users\forxa\Desktop\CBSeedFinder\x64\Debug\CBSeedFinder.exe
